Rasa process starting
Restoring parameters from models/nlu/ResBot/intent_classifier_tensorflow_embedding.ckpt
Rasa Core server is up and running on http://localhost:5005
Failed to connect to duckling http server. Make sure the duckling server is running and the proper host and port are set in the configuration. More information on how to run the server can be found on github: https://github.com/facebook/duckling#quickstart Error: HTTPConnectionPool(host='localhost', port=8000): Max retries exceeded with url: /parse (Caused by NewConnectionError('<urllib3.connection.HTTPConnection object at 0x7fb828338048>: Failed to establish a new connection: [Errno 111] Connection refused',))
Failed to connect to duckling http server. Make sure the duckling server is running and the proper host and port are set in the configuration. More information on how to run the server can be found on github: https://github.com/facebook/duckling#quickstart Error: HTTPConnectionPool(host='localhost', port=8000): Max retries exceeded with url: /parse (Caused by NewConnectionError('<urllib3.connection.HTTPConnection object at 0x7fb82823b780>: Failed to establish a new connection: [Errno 111] Connection refused',))
Failed to connect to duckling http server. Make sure the duckling server is running and the proper host and port are set in the configuration. More information on how to run the server can be found on github: https://github.com/facebook/duckling#quickstart Error: HTTPConnectionPool(host='localhost', port=8000): Max retries exceeded with url: /parse (Caused by NewConnectionError('<urllib3.connection.HTTPConnection object at 0x7fb828151860>: Failed to establish a new connection: [Errno 111] Connection refused',))
Failed to connect to duckling http server. Make sure the duckling server is running and the proper host and port are set in the configuration. More information on how to run the server can be found on github: https://github.com/facebook/duckling#quickstart Error: HTTPConnectionPool(host='localhost', port=8000): Max retries exceeded with url: /parse (Caused by NewConnectionError('<urllib3.connection.HTTPConnection object at 0x7fb828040ba8>: Failed to establish a new connection: [Errno 111] Connection refused',))
Failed to connect to duckling http server. Make sure the duckling server is running and the proper host and port are set in the configuration. More information on how to run the server can be found on github: https://github.com/facebook/duckling#quickstart Error: HTTPConnectionPool(host='localhost', port=8000): Max retries exceeded with url: /parse (Caused by NewConnectionError('<urllib3.connection.HTTPConnection object at 0x7fb8281425c0>: Failed to establish a new connection: [Errno 111] Connection refused',))
Failed to connect to duckling http server. Make sure the duckling server is running and the proper host and port are set in the configuration. More information on how to run the server can be found on github: https://github.com/facebook/duckling#quickstart Error: HTTPConnectionPool(host='localhost', port=8000): Max retries exceeded with url: /parse (Caused by NewConnectionError('<urllib3.connection.HTTPConnection object at 0x7fb81f61b160>: Failed to establish a new connection: [Errno 111] Connection refused',))
Failed to connect to duckling http server. Make sure the duckling server is running and the proper host and port are set in the configuration. More information on how to run the server can be found on github: https://github.com/facebook/duckling#quickstart Error: HTTPConnectionPool(host='localhost', port=8000): Max retries exceeded with url: /parse (Caused by NewConnectionError('<urllib3.connection.HTTPConnection object at 0x7fb82a330198>: Failed to establish a new connection: [Errno 111] Connection refused',))
Failed to connect to duckling http server. Make sure the duckling server is running and the proper host and port are set in the configuration. More information on how to run the server can be found on github: https://github.com/facebook/duckling#quickstart Error: HTTPConnectionPool(host='localhost', port=8000): Max retries exceeded with url: /parse (Caused by NewConnectionError('<urllib3.connection.HTTPConnection object at 0x7fb828a25860>: Failed to establish a new connection: [Errno 111] Connection refused',))
Failed to connect to duckling http server. Make sure the duckling server is running and the proper host and port are set in the configuration. More information on how to run the server can be found on github: https://github.com/facebook/duckling#quickstart Error: HTTPConnectionPool(host='localhost', port=8000): Max retries exceeded with url: /parse (Caused by NewConnectionError('<urllib3.connection.HTTPConnection object at 0x7fb828928780>: Failed to establish a new connection: [Errno 111] Connection refused',))
Failed to connect to duckling http server. Make sure the duckling server is running and the proper host and port are set in the configuration. More information on how to run the server can be found on github: https://github.com/facebook/duckling#quickstart Error: HTTPConnectionPool(host='localhost', port=8000): Max retries exceeded with url: /parse (Caused by NewConnectionError('<urllib3.connection.HTTPConnection object at 0x7fb82888fba8>: Failed to establish a new connection: [Errno 111] Connection refused',))
Failed to connect to duckling http server. Make sure the duckling server is running and the proper host and port are set in the configuration. More information on how to run the server can be found on github: https://github.com/facebook/duckling#quickstart Error: HTTPConnectionPool(host='localhost', port=8000): Max retries exceeded with url: /parse (Caused by NewConnectionError('<urllib3.connection.HTTPConnection object at 0x7fb828908b70>: Failed to establish a new connection: [Errno 111] Connection refused',))
Rasa process starting
Restoring parameters from models/nlu/ResBot/intent_classifier_tensorflow_embedding.ckpt
Rasa Core server is up and running on http://localhost:5005
Failed to connect to duckling http server. Make sure the duckling server is running and the proper host and port are set in the configuration. More information on how to run the server can be found on github: https://github.com/facebook/duckling#quickstart Error: HTTPConnectionPool(host='localhost', port=8000): Max retries exceeded with url: /parse (Caused by NewConnectionError('<urllib3.connection.HTTPConnection object at 0x7f79340bacf8>: Failed to establish a new connection: [Errno 111] Connection refused',))
Failed to connect to duckling http server. Make sure the duckling server is running and the proper host and port are set in the configuration. More information on how to run the server can be found on github: https://github.com/facebook/duckling#quickstart Error: HTTPConnectionPool(host='localhost', port=8000): Max retries exceeded with url: /parse (Caused by NewConnectionError('<urllib3.connection.HTTPConnection object at 0x7f790dfb7518>: Failed to establish a new connection: [Errno 111] Connection refused',))
Failed to connect to duckling http server. Make sure the duckling server is running and the proper host and port are set in the configuration. More information on how to run the server can be found on github: https://github.com/facebook/duckling#quickstart Error: HTTPConnectionPool(host='localhost', port=8000): Max retries exceeded with url: /parse (Caused by NewConnectionError('<urllib3.connection.HTTPConnection object at 0x7f790c6b3b00>: Failed to establish a new connection: [Errno 111] Connection refused',))
Failed to connect to duckling http server. Make sure the duckling server is running and the proper host and port are set in the configuration. More information on how to run the server can be found on github: https://github.com/facebook/duckling#quickstart Error: HTTPConnectionPool(host='localhost', port=8000): Max retries exceeded with url: /parse (Caused by NewConnectionError('<urllib3.connection.HTTPConnection object at 0x7f790dfa6748>: Failed to establish a new connection: [Errno 111] Connection refused',))
Failed to connect to duckling http server. Make sure the duckling server is running and the proper host and port are set in the configuration. More information on how to run the server can be found on github: https://github.com/facebook/duckling#quickstart Error: HTTPConnectionPool(host='localhost', port=8000): Max retries exceeded with url: /parse (Caused by NewConnectionError('<urllib3.connection.HTTPConnection object at 0x7f790ff20940>: Failed to establish a new connection: [Errno 111] Connection refused',))
Failed to connect to duckling http server. Make sure the duckling server is running and the proper host and port are set in the configuration. More information on how to run the server can be found on github: https://github.com/facebook/duckling#quickstart Error: HTTPConnectionPool(host='localhost', port=8000): Max retries exceeded with url: /parse (Caused by NewConnectionError('<urllib3.connection.HTTPConnection object at 0x7f790fe1a748>: Failed to establish a new connection: [Errno 111] Connection refused',))
Failed to connect to duckling http server. Make sure the duckling server is running and the proper host and port are set in the configuration. More information on how to run the server can be found on github: https://github.com/facebook/duckling#quickstart Error: HTTPConnectionPool(host='localhost', port=8000): Max retries exceeded with url: /parse (Caused by NewConnectionError('<urllib3.connection.HTTPConnection object at 0x7f790fd17198>: Failed to establish a new connection: [Errno 111] Connection refused',))
Failed to connect to duckling http server. Make sure the duckling server is running and the proper host and port are set in the configuration. More information on how to run the server can be found on github: https://github.com/facebook/duckling#quickstart Error: HTTPConnectionPool(host='localhost', port=8000): Max retries exceeded with url: /parse (Caused by NewConnectionError('<urllib3.connection.HTTPConnection object at 0x7f790fc0aba8>: Failed to establish a new connection: [Errno 111] Connection refused',))
Failed to connect to duckling http server. Make sure the duckling server is running and the proper host and port are set in the configuration. More information on how to run the server can be found on github: https://github.com/facebook/duckling#quickstart Error: HTTPConnectionPool(host='localhost', port=8000): Max retries exceeded with url: /parse (Caused by NewConnectionError('<urllib3.connection.HTTPConnection object at 0x7f790fb76a20>: Failed to establish a new connection: [Errno 111] Connection refused',))
Failed to connect to duckling http server. Make sure the duckling server is running and the proper host and port are set in the configuration. More information on how to run the server can be found on github: https://github.com/facebook/duckling#quickstart Error: HTTPConnectionPool(host='localhost', port=8000): Max retries exceeded with url: /parse (Caused by NewConnectionError('<urllib3.connection.HTTPConnection object at 0x7f79348223c8>: Failed to establish a new connection: [Errno 111] Connection refused',))
Failed to connect to duckling http server. Make sure the duckling server is running and the proper host and port are set in the configuration. More information on how to run the server can be found on github: https://github.com/facebook/duckling#quickstart Error: HTTPConnectionPool(host='localhost', port=8000): Max retries exceeded with url: /parse (Caused by NewConnectionError('<urllib3.connection.HTTPConnection object at 0x7f793470af28>: Failed to establish a new connection: [Errno 111] Connection refused',))
Failed to connect to duckling http server. Make sure the duckling server is running and the proper host and port are set in the configuration. More information on how to run the server can be found on github: https://github.com/facebook/duckling#quickstart Error: HTTPConnectionPool(host='localhost', port=8000): Max retries exceeded with url: /parse (Caused by NewConnectionError('<urllib3.connection.HTTPConnection object at 0x7f7934678d68>: Failed to establish a new connection: [Errno 111] Connection refused',))
Failed to connect to duckling http server. Make sure the duckling server is running and the proper host and port are set in the configuration. More information on how to run the server can be found on github: https://github.com/facebook/duckling#quickstart Error: HTTPConnectionPool(host='localhost', port=8000): Max retries exceeded with url: /parse (Caused by NewConnectionError('<urllib3.connection.HTTPConnection object at 0x7f7934cf2c50>: Failed to establish a new connection: [Errno 111] Connection refused',))
Rasa process starting
Restoring parameters from models/nlu/ResBot/intent_classifier_tensorflow_embedding.ckpt
Rasa Core server is up and running on http://localhost:5005
Failed to connect to duckling http server. Make sure the duckling server is running and the proper host and port are set in the configuration. More information on how to run the server can be found on github: https://github.com/facebook/duckling#quickstart Error: HTTPConnectionPool(host='localhost', port=8000): Max retries exceeded with url: /parse (Caused by NewConnectionError('<urllib3.connection.HTTPConnection object at 0x7f75e4240eb8>: Failed to establish a new connection: [Errno 111] Connection refused',))
Rasa process starting
Restoring parameters from models/nlu/ResBot/intent_classifier_tensorflow_embedding.ckpt
Rasa Core server is up and running on http://localhost:5005
Failed to connect to duckling http server. Make sure the duckling server is running and the proper host and port are set in the configuration. More information on how to run the server can be found on github: https://github.com/facebook/duckling#quickstart Error: HTTPConnectionPool(host='localhost', port=8000): Max retries exceeded with url: /parse (Caused by NewConnectionError('<urllib3.connection.HTTPConnection object at 0x7f77982980b8>: Failed to establish a new connection: [Errno 111] Connection refused',))
Rasa process starting
Rasa process starting
Added 'nlp_spacy' to component cache. Key 'nlp_spacy-en'.
Rasa Core server is up and running on http://localhost:5005
Rasa process starting
Added 'nlp_spacy' to component cache. Key 'nlp_spacy-en'.
Rasa Core server is up and running on http://localhost:5005
Rasa process starting
Rasa process starting
Added 'nlp_spacy' to component cache. Key 'nlp_spacy-en'.
Rasa Core server is up and running on http://localhost:5005
